2020-08-11 20:48:29,829 INFO  [Log] **************************************************************************************** 
2020-08-11 20:48:29,830 INFO  [Log] **************************************************************************************** 
2020-08-11 20:48:29,830 INFO  [Log] $$$$$$$$$$$$$$$$$$$$$                 TestCase1       $$$$$$$$$$$$$$$$$$$$$$$$$ 
2020-08-11 20:48:29,830 INFO  [Log] **************************************************************************************** 
2020-08-11 20:48:29,830 INFO  [Log] **************************************************************************************** 
2020-08-11 20:48:29,984 INFO  [Log] read from excel data file successfully 
2020-08-11 20:48:30,088 INFO  [Log] Found login btn 
2020-08-17 19:26:11,053 INFO  [Log] **************************************************************************************** 
2020-08-17 19:26:11,054 INFO  [Log] **************************************************************************************** 
2020-08-17 19:26:11,055 INFO  [Log] $$$$$$$$$$$$$$$$$$$$$                 TestCase1       $$$$$$$$$$$$$$$$$$$$$$$$$ 
2020-08-17 19:26:11,055 INFO  [Log] **************************************************************************************** 
2020-08-17 19:26:11,055 INFO  [Log] **************************************************************************************** 
2020-08-17 19:26:11,303 INFO  [Log] read from excel data file successfully 
2020-08-17 19:26:11,394 INFO  [Log] Found login btn 
2020-08-17 19:26:17,842 INFO  [Log] gender asert Done 
2020-08-17 19:26:17,936 INFO  [Log] FName TextBox found 
2020-08-17 19:26:18,087 INFO  [Log] LName TextBox found 
2020-08-17 19:26:18,372 INFO  [Log] Password TextBox found 
2020-08-17 19:26:20,609 INFO  [Log] newsletter Checkbox found 
2020-08-17 19:26:20,722 INFO  [Log] First customer Name TextBox found 
2020-08-17 19:26:20,842 INFO  [Log] Last Customer Name TextBox found 
2020-08-17 19:26:20,993 INFO  [Log] Company Name TextBox found 
2020-08-17 19:26:21,021 INFO  [Log] Company Name TextBox found 
2020-08-17 19:26:21,143 INFO  [Log] Address TextBox found 
2020-08-17 19:26:21,261 INFO  [Log] city TextBox found 
2020-08-17 19:26:21,581 INFO  [Log] postcode TextBox found 
2020-08-17 19:26:21,833 INFO  [Log] phone_mobile TextBox found 
2020-08-17 19:26:21,954 INFO  [Log] aliasTextBox found 
2020-08-17 19:26:26,544 INFO  [Log] Driver Closed 
2020-08-17 19:41:21,484 INFO  [Log] **************************************************************************************** 
2020-08-17 19:41:21,484 INFO  [Log] **************************************************************************************** 
2020-08-17 19:41:21,485 INFO  [Log] $$$$$$$$$$$$$$$$$$$$$                 TestCase1       $$$$$$$$$$$$$$$$$$$$$$$$$ 
2020-08-17 19:41:21,485 INFO  [Log] **************************************************************************************** 
2020-08-17 19:41:21,485 INFO  [Log] **************************************************************************************** 
2020-08-17 19:41:21,650 INFO  [Log] read from excel data file successfully 
2020-08-17 19:41:21,757 INFO  [Log] Found login btn 
2020-08-17 20:02:20,984 INFO  [Log] **************************************************************************************** 
2020-08-17 20:02:20,985 INFO  [Log] **************************************************************************************** 
2020-08-17 20:02:20,986 INFO  [Log] $$$$$$$$$$$$$$$$$$$$$                 TestCase1       $$$$$$$$$$$$$$$$$$$$$$$$$ 
2020-08-17 20:02:20,986 INFO  [Log] **************************************************************************************** 
2020-08-17 20:02:20,986 INFO  [Log] **************************************************************************************** 
2020-08-17 20:02:21,195 INFO  [Log] read from excel data file successfully 
2020-08-17 20:02:21,320 INFO  [Log] Found login btn 
2020-08-17 20:02:34,520 INFO  [Log] Driver Closed 
2020-08-17 20:04:59,320 INFO  [Log] **************************************************************************************** 
2020-08-17 20:04:59,321 INFO  [Log] **************************************************************************************** 
2020-08-17 20:04:59,321 INFO  [Log] $$$$$$$$$$$$$$$$$$$$$                 TestCase1       $$$$$$$$$$$$$$$$$$$$$$$$$ 
2020-08-17 20:04:59,321 INFO  [Log] **************************************************************************************** 
2020-08-17 20:04:59,321 INFO  [Log] **************************************************************************************** 
2020-08-17 20:04:59,560 INFO  [Log] read from excel data file successfully 
2020-08-17 20:04:59,680 INFO  [Log] Found login btn 
2020-08-17 20:05:13,033 INFO  [Log] Driver Closed 
2020-08-17 20:10:18,233 INFO  [Log] **************************************************************************************** 
2020-08-17 20:10:18,234 INFO  [Log] **************************************************************************************** 
2020-08-17 20:10:18,234 INFO  [Log] $$$$$$$$$$$$$$$$$$$$$                 TestCase1       $$$$$$$$$$$$$$$$$$$$$$$$$ 
2020-08-17 20:10:18,234 INFO  [Log] **************************************************************************************** 
2020-08-17 20:10:18,235 INFO  [Log] **************************************************************************************** 
2020-08-17 20:10:18,475 INFO  [Log] read from excel data file successfully 
2020-08-17 20:10:18,628 INFO  [Log] Found login btn 
2020-08-17 20:10:32,653 INFO  [Log] Driver Closed 
2020-08-17 20:12:42,538 INFO  [Log] **************************************************************************************** 
2020-08-17 20:12:42,539 INFO  [Log] **************************************************************************************** 
2020-08-17 20:12:42,539 INFO  [Log] $$$$$$$$$$$$$$$$$$$$$                 TestCase1       $$$$$$$$$$$$$$$$$$$$$$$$$ 
2020-08-17 20:12:42,539 INFO  [Log] **************************************************************************************** 
2020-08-17 20:12:42,539 INFO  [Log] **************************************************************************************** 
2020-08-17 20:12:42,735 INFO  [Log] read from excel data file successfully 
2020-08-17 20:12:53,238 INFO  [Log] Driver Closed 
2020-08-17 20:18:07,892 INFO  [Log] **************************************************************************************** 
2020-08-17 20:18:07,893 INFO  [Log] **************************************************************************************** 
2020-08-17 20:18:07,893 INFO  [Log] $$$$$$$$$$$$$$$$$$$$$                 TestCase1       $$$$$$$$$$$$$$$$$$$$$$$$$ 
2020-08-17 20:18:07,893 INFO  [Log] **************************************************************************************** 
2020-08-17 20:18:07,894 INFO  [Log] **************************************************************************************** 
2020-08-17 20:18:08,099 INFO  [Log] read from excel data file successfully 
2020-08-18 12:06:50,577 INFO  [Log] **************************************************************************************** 
2020-08-18 12:06:50,578 INFO  [Log] **************************************************************************************** 
2020-08-18 12:06:50,579 INFO  [Log] $$$$$$$$$$$$$$$$$$$$$                 TestCase1       $$$$$$$$$$$$$$$$$$$$$$$$$ 
2020-08-18 12:06:50,579 INFO  [Log] **************************************************************************************** 
2020-08-18 12:06:50,579 INFO  [Log] **************************************************************************************** 
2020-08-18 12:06:50,886 INFO  [Log] read from excel data file successfully 
2020-08-18 12:06:51,026 INFO  [Log] Found login btn 
2020-08-18 12:06:51,053 INFO  [Log] Found login btn 
2020-08-18 12:06:54,965 INFO  [Log] email asert Done 
2020-08-18 12:06:55,364 INFO  [Log] email asert Done 
2020-08-18 12:06:55,595 INFO  [Log] email asert Done 
2020-08-18 12:07:01,151 INFO  [Log] Proceed_to_checkout asert Done 
2020-08-18 12:07:02,799 INFO  [Log] Add_Cart asert Done 
2020-08-18 12:07:15,063 INFO  [Log] Driver Closed 
2021-01-24 19:51:53,982 INFO  [Log] **************************************************************************************** 
2021-01-24 19:51:53,983 INFO  [Log] **************************************************************************************** 
2021-01-24 19:51:53,983 INFO  [Log] $$$$$$$$$$$$$$$$$$$$$                 TestCase1       $$$$$$$$$$$$$$$$$$$$$$$$$ 
2021-01-24 19:51:53,983 INFO  [Log] **************************************************************************************** 
2021-01-24 19:51:53,983 INFO  [Log] **************************************************************************************** 
2021-01-24 19:51:54,242 INFO  [Log] read from excel data file successfully 
2021-01-24 19:51:54,879 INFO  [Log] Found login btn 
2021-01-24 19:51:54,908 INFO  [Log] Found login btn 
2021-01-24 19:52:02,903 INFO  [Log] email asert Done 
2021-01-24 19:52:08,256 INFO  [Log] email asert Done 
2021-01-24 19:52:10,307 INFO  [Log] email asert Done 
2021-01-24 19:52:18,537 INFO  [Log] gender asert Done 
2021-01-24 19:52:20,588 INFO  [Log] FName TextBox found 
2021-01-24 19:52:25,240 INFO  [Log] LName TextBox found 
2021-01-24 19:52:29,472 INFO  [Log] Proceed_to_checkout asert Done 
2021-01-24 19:52:33,485 INFO  [Log] Password TextBox found 
2021-01-24 19:52:34,520 INFO  [Log] Add_Cart asert Done 
2021-01-24 19:52:38,300 INFO  [Log] Add_Cart asert Done 
2021-01-24 19:52:43,151 INFO  [Log] Add_Cart asert Done 
2021-01-24 19:53:03,873 INFO  [Log] Driver Closed 
2021-01-24 19:53:04,130 INFO  [Log] Driver Closed 
2021-01-24 19:56:42,361 INFO  [Log] **************************************************************************************** 
2021-01-24 19:56:42,361 INFO  [Log] **************************************************************************************** 
2021-01-24 19:56:42,361 INFO  [Log] $$$$$$$$$$$$$$$$$$$$$                 TestCase1       $$$$$$$$$$$$$$$$$$$$$$$$$ 
2021-01-24 19:56:42,363 INFO  [Log] **************************************************************************************** 
2021-01-24 19:56:42,363 INFO  [Log] **************************************************************************************** 
2021-01-24 19:56:42,559 INFO  [Log] read from excel data file successfully 
2021-01-24 19:56:42,679 INFO  [Log] Found login btn 
2021-01-24 19:56:49,009 INFO  [Log] gender asert Done 
2021-01-24 19:56:49,203 INFO  [Log] FName TextBox found 
2021-01-24 19:56:49,424 INFO  [Log] LName TextBox found 
2021-01-24 19:56:49,892 INFO  [Log] Password TextBox found 
2021-01-24 19:56:53,207 INFO  [Log] Driver Closed 
